<?xml version="1.0" encoding="UTF-8"?>
<!-- Generated by org.testng.reporters.JUnitReportReporter -->
<testsuite hostname="DESKTOP-881C30Q" failures="0" tests="1" name="TestCases.TestLogin" time="7.794" errors="0" timestamp="2022-12-05T11:03:34 IST" skipped="0">
  <testcase classname="TestCases.TestLogin" name="ValidLogin" time="7.794"/>
  <system-out/>
</testsuite> <!-- TestCases.TestLogin -->
