<?xml version="1.0" encoding="UTF-8"?>
<!-- Generated by org.testng.reporters.JUnitReportReporter -->
<testsuite hostname="DESKTOP-881C30Q" failures="0" tests="1" name="POM.AddCustomer" time="5.844" errors="0" timestamp="2022-09-13T16:20:30 IST" skipped="0">
  <testcase classname="POM.AddCustomer" name="ValidLogin" time="5.844"/>
  <system-out/>
</testsuite> <!-- POM.AddCustomer -->
