<?xml version="1.0" encoding="UTF-8"?>
<!-- Generated by org.testng.reporters.JUnitReportReporter -->
<testsuite hostname="DESKTOP-ABJFIHD" failures="0" tests="1" name="TestCases.Login" time="5.514" errors="0" timestamp="2022-09-07T12:20:47 IST" skipped="0">
  <testcase classname="TestCases.Login" name="ValidLogin" time="5.514"/>
  <system-out/>
</testsuite> <!-- TestCases.Login -->
