<?xml version="1.0" encoding="UTF-8"?>
<!-- Generated by org.testng.reporters.JUnitReportReporter -->
<testsuite hostname="DESKTOP-881C30Q" failures="0" tests="1" name="POM.UtilityBuildCheck" time="369.428" errors="0" timestamp="2022-12-07T18:01:29 IST" skipped="0">
  <testcase classname="POM.UtilityBuildCheck" name="f" time="369.428"/>
  <system-out/>
</testsuite> <!-- POM.UtilityBuildCheck -->
