<?xml version="1.0" encoding="UTF-8"?>
<!-- Generated by org.testng.reporters.JUnitReportReporter -->
<testsuite hostname="DESKTOP-881C30Q" failures="0" tests="1" name="pageObjects.Flow4_BillRunWithNoCycle" time="8.582" errors="0" timestamp="2022-09-23T11:30:46 IST" skipped="0">
  <testcase classname="pageObjects.Flow4_BillRunWithNoCycle" name="ValidLogin" time="8.582"/>
  <system-out/>
</testsuite> <!-- pageObjects.Flow4_BillRunWithNoCycle -->
