<?xml version="1.0" encoding="UTF-8"?>
<!-- Generated by org.testng.reporters.JUnitReportReporter -->
<testsuite hostname="DESKTOP-881C30Q" failures="0" tests="3" name="TestCases.TestCustomers" time="136.095" errors="0" timestamp="2022-10-27T16:18:31 IST" skipped="0">
  <testcase classname="TestCases.TestCustomers" name="Customer" time="55.291"/>
  <system-out/>
  <testcase classname="TestCases.TestCustomers" name="SecondCustomer" time="39.532"/>
  <system-out/>
  <testcase classname="TestCases.TestCustomers" name="ThirdCustomer" time="41.272"/>
  <system-out/>
</testsuite> <!-- TestCases.TestCustomers -->
