<?xml version="1.0" encoding="UTF-8"?>
<!-- Generated by org.testng.reporters.JUnitReportReporter -->
<testsuite hostname="DESKTOP-881C30Q" failures="0" tests="3" name="TestCases.TestSingleCustomerBillRun" time="208.583" errors="0" timestamp="2022-12-05T11:03:34 IST" skipped="0">
  <testcase classname="TestCases.TestSingleCustomerBillRun" name="X_BillrunCycle" time="21.130"/>
  <system-out/>
  <testcase classname="TestCases.TestSingleCustomerBillRun" name="SmallBillRunWithSingleCustomer" time="31.111"/>
  <system-out/>
  <testcase classname="TestCases.TestSingleCustomerBillRun" name="Rollback_SmallBillRunWithSingleCustomer" time="156.342"/>
  <system-out/>
</testsuite> <!-- TestCases.TestSingleCustomerBillRun -->
