<?xml version="1.0" encoding="UTF-8"?>
<!-- Generated by org.testng.reporters.JUnitReportReporter -->
<testsuite hostname="DESKTOP-881C30Q" failures="0" tests="3" name="TestCases.TestCustomers" time="110.865" errors="0" timestamp="2022-12-05T11:03:34 IST" skipped="0">
  <testcase classname="TestCases.TestCustomers" name="Customer" time="46.077"/>
  <system-out/>
  <testcase classname="TestCases.TestCustomers" name="SecondCustomer" time="32.403"/>
  <system-out/>
  <testcase classname="TestCases.TestCustomers" name="ThirdCustomer" time="32.385"/>
  <system-out/>
</testsuite> <!-- TestCases.TestCustomers -->
