<?xml version="1.0" encoding="UTF-8"?>
<!-- Generated by org.testng.reporters.JUnitReportReporter -->
<testsuite hostname="DESKTOP-881C30Q" failures="0" tests="1" name="TestCases.TestLogin" time="7.049" errors="0" timestamp="2022-10-27T16:18:31 IST" skipped="0">
  <testcase classname="TestCases.TestLogin" name="ValidLogin" time="7.049"/>
  <system-out/>
</testsuite> <!-- TestCases.TestLogin -->
