<?xml version="1.0" encoding="UTF-8"?>
<!-- Generated by org.testng.reporters.JUnitReportReporter -->
<testsuite hostname="DESKTOP-881C30Q" failures="0" tests="1" name="POM.Flow2_3AddTOUFileAndPlan" time="9.059" errors="0" timestamp="2022-09-22T17:38:28 IST" skipped="0">
  <testcase classname="POM.Flow2_3AddTOUFileAndPlan" name="ValidLogin" time="9.059"/>
  <system-out/>
</testsuite> <!-- POM.Flow2_3AddTOUFileAndPlan -->
