<?xml version="1.0" encoding="UTF-8"?>
<!-- Generated by org.testng.reporters.JUnitReportReporter -->
<testsuite hostname="DESKTOP-881C30Q" failures="0" tests="1" name="POM.Flow5_AddCustomer" time="5.218" errors="0" timestamp="2022-09-27T11:36:14 IST" skipped="0">
  <testcase classname="POM.Flow5_AddCustomer" name="ValidLogin" time="5.218"/>
  <system-out/>
</testsuite> <!-- POM.Flow5_AddCustomer -->
